==============================================================================
Tests :: Testing functionality through Robot Framework                        
==============================================================================
Tests.Test PVH-smicm                                                          
==============================================================================
PVH-smicm                                                             Selected rows: None
Selected rows: None
Selected rows: None
Selected rows: None
Selected rows: None
Selected rows: None
Selected rows: None
Selected rows: None
Selected rows: None
Selected rows: None
Selected rows: None
Selected rows: None
Selected rows: None
| PASS |
------------------------------------------------------------------------------
Tests.Test PVH-smicm                                                  | PASS |
1 test, 1 passed, 0 failed
==============================================================================
Tests :: Testing functionality through Robot Framework                | PASS |
1 test, 1 passed, 0 failed
==============================================================================
Output:  C:\Replay\PVH\Output\c4389aee-e48d-471e-bbee-d708ebd1aff6\pabot_results\0\Output.xml
